<?xml version="1.0" encoding="UTF-8"?>
<testsuite xmlns:xsi="http://www.w3.org/2001/XMLSchema-instance" xsi:noNamespaceSchemaLocation="https://maven.apache.org/surefire/maven-surefire-plugin/xsd/surefire-test-report.xsd" name="org.example.AppTest" time="0.036" tests="1" errors="0" skipped="0" failures="0">
  <properties>
    <property name="awt.toolkit" value="sun.lwawt.macosx.LWCToolkit"/>
    <property name="java.specification.version" value="12"/>
    <property name="sun.jnu.encoding" value="UTF-8"/>
    <property name="java.class.path" value="/Users/macbookprodeloi/Documents/Travail/ECE/X/Cours/P1/Systems for BDA/Project/Sparks/intelliji_project/target/test-classes:/Users/macbookprodeloi/Documents/Travail/ECE/X/Cours/P1/Systems for BDA/Project/Sparks/intelliji_project/target/classes:/Users/macbookprodeloi/.m2/repository/junit/junit/4.11/junit-4.11.jar:/Users/macbookprodeloi/.m2/repository/org/hamcrest/hamcrest-core/1.3/hamcrest-core-1.3.jar:/Users/macbookprodeloi/.m2/repository/com/cedarsoftware/java-util/1.8.0/java-util-1.8.0.jar:/Users/macbookprodeloi/.m2/repository/commons-logging/commons-logging/1.1.1/commons-logging-1.1.1.jar:/Users/macbookprodeloi/.m2/repository/com/cedarsoftware/json-io/2.4.1/json-io-2.4.1.jar:"/>
    <property name="java.vm.vendor" value="Oracle Corporation"/>
    <property name="sun.arch.data.model" value="64"/>
    <property name="java.vendor.url" value="https://java.oracle.com/"/>
    <property name="os.name" value="Mac OS X"/>
    <property name="java.vm.specification.version" value="12"/>
    <property name="sun.java.launcher" value="SUN_STANDARD"/>
    <property name="user.country" value="FR"/>
    <property name="sun.boot.library.path" value="/Library/Java/JavaVirtualMachines/jdk-12.0.1.jdk/Contents/Home/lib"/>
    <property name="sun.java.command" value="/Users/macbookprodeloi/Documents/Travail/ECE/X/Cours/P1/Systems for BDA/Project/Sparks/intelliji_project/target/surefire/surefirebooter9118118944610942583.jar /Users/macbookprodeloi/Documents/Travail/ECE/X/Cours/P1/Systems for BDA/Project/Sparks/intelliji_project/target/surefire 2020-11-03T17-13-04_012-jvmRun1 surefire16368960220983436417tmp surefire_01223061285361928088tmp"/>
    <property name="jdk.debug" value="release"/>
    <property name="surefire.test.class.path" value="/Users/macbookprodeloi/Documents/Travail/ECE/X/Cours/P1/Systems for BDA/Project/Sparks/intelliji_project/target/test-classes:/Users/macbookprodeloi/Documents/Travail/ECE/X/Cours/P1/Systems for BDA/Project/Sparks/intelliji_project/target/classes:/Users/macbookprodeloi/.m2/repository/junit/junit/4.11/junit-4.11.jar:/Users/macbookprodeloi/.m2/repository/org/hamcrest/hamcrest-core/1.3/hamcrest-core-1.3.jar:/Users/macbookprodeloi/.m2/repository/com/cedarsoftware/java-util/1.8.0/java-util-1.8.0.jar:/Users/macbookprodeloi/.m2/repository/commons-logging/commons-logging/1.1.1/commons-logging-1.1.1.jar:/Users/macbookprodeloi/.m2/repository/com/cedarsoftware/json-io/2.4.1/json-io-2.4.1.jar:"/>
    <property name="sun.cpu.endian" value="little"/>
    <property name="user.home" value="/Users/macbookprodeloi"/>
    <property name="user.language" value="fr"/>
    <property name="java.specification.vendor" value="Oracle Corporation"/>
    <property name="java.version.date" value="2019-04-16"/>
    <property name="java.home" value="/Library/Java/JavaVirtualMachines/jdk-12.0.1.jdk/Contents/Home"/>
    <property name="file.separator" value="/"/>
    <property name="basedir" value="/Users/macbookprodeloi/Documents/Travail/ECE/X/Cours/P1/Systems for BDA/Project/Sparks/intelliji_project"/>
    <property name="java.vm.compressedOopsMode" value="Zero based"/>
    <property name="line.separator" value="&#10;"/>
    <property name="java.vm.specification.vendor" value="Oracle Corporation"/>
    <property name="java.specification.name" value="Java Platform API Specification"/>
    <property name="java.awt.graphicsenv" value="sun.awt.CGraphicsEnvironment"/>
    <property name="surefire.real.class.path" value="/Users/macbookprodeloi/Documents/Travail/ECE/X/Cours/P1/Systems for BDA/Project/Sparks/intelliji_project/target/surefire/surefirebooter9118118944610942583.jar"/>
    <property name="sun.management.compiler" value="HotSpot 64-Bit Tiered Compilers"/>
    <property name="java.runtime.version" value="12.0.1+12"/>
    <property name="user.name" value="macbookprodeloi"/>
    <property name="path.separator" value=":"/>
    <property name="os.version" value="10.15.7"/>
    <property name="java.runtime.name" value="Java(TM) SE Runtime Environment"/>
    <property name="file.encoding" value="UTF-8"/>
    <property name="java.vm.name" value="Java HotSpot(TM) 64-Bit Server VM"/>
    <property name="localRepository" value="/Users/macbookprodeloi/.m2/repository"/>
    <property name="java.vendor.url.bug" value="https://bugreport.java.com/bugreport/"/>
    <property name="java.io.tmpdir" value="/var/folders/6c/pmf_g_cj0zlgl8df6m_t0mcc0000gn/T/"/>
    <property name="java.version" value="12.0.1"/>
    <property name="user.dir" value="/Users/macbookprodeloi/Documents/Travail/ECE/X/Cours/P1/Systems for BDA/Project/Sparks/intelliji_project"/>
    <property name="os.arch" value="x86_64"/>
    <property name="java.vm.specification.name" value="Java Virtual Machine Specification"/>
    <property name="java.library.path" value="/Users/macbookprodeloi/Library/Java/Extensions:/Library/Java/Extensions:/Network/Library/Java/Extensions:/System/Library/Java/Extensions:/usr/lib/java:."/>
    <property name="java.vm.info" value="mixed mode, sharing"/>
    <property name="java.vendor" value="Oracle Corporation"/>
    <property name="java.vm.version" value="12.0.1+12"/>
    <property name="sun.io.unicode.encoding" value="UnicodeBig"/>
    <property name="java.class.version" value="56.0"/>
  </properties>
  <testcase name="shouldAnswerWithTrue" classname="org.example.AppTest" time="0.002"/>
</testsuite>